<?xml version="1.0" encoding="UTF-8"?>
<testsuite xmlns:xsi="http://www.w3.org/2001/XMLSchema-instance" xsi:noNamespaceSchemaLocation="https://maven.apache.org/surefire/maven-surefire-plugin/xsd/surefire-test-report-3.0.xsd" version="3.0" name="com.example.employee.repository.UserRepositoryTest" time="0.827" tests="1" errors="0" skipped="0" failures="0">
  <properties>
    <property name="java.specification.version" value="21"/>
    <property name="sun.cpu.isalist" value="amd64"/>
    <property name="sun.jnu.encoding" value="Cp1252"/>
    <property name="java.class.path" value="C:\Users\Yaman\GitHub\employee-microservice\target\test-classes;C:\Users\Yaman\GitHub\employee-microservice\target\classes;C:\Users\Yaman\.m2\repository\org\springframework\boot\spring-boot-starter-security\3.1.5\spring-boot-starter-security-3.1.5.jar;C:\Users\Yaman\.m2\repository\org\springframework\boot\spring-boot-starter\3.1.5\spring-boot-starter-3.1.5.jar;C:\Users\Yaman\.m2\repository\org\springframework\boot\spring-boot\3.1.5\spring-boot-3.1.5.jar;C:\Users\Yaman\.m2\repository\org\springframework\boot\spring-boot-autoconfigure\3.1.5\spring-boot-autoconfigure-3.1.5.jar;C:\Users\Yaman\.m2\repository\org\springframework\boot\spring-boot-starter-logging\3.1.5\spring-boot-starter-logging-3.1.5.jar;C:\Users\Yaman\.m2\repository\ch\qos\logback\logback-classic\1.4.11\logback-classic-1.4.11.jar;C:\Users\Yaman\.m2\repository\ch\qos\logback\logback-core\1.4.11\logback-core-1.4.11.jar;C:\Users\Yaman\.m2\repository\org\apache\logging\log4j\log4j-to-slf4j\2.20.0\log4j-to-slf4j-2.20.0.jar;C:\Users\Yaman\.m2\repository\org\apache\logging\log4j\log4j-api\2.20.0\log4j-api-2.20.0.jar;C:\Users\Yaman\.m2\repository\org\slf4j\jul-to-slf4j\2.0.9\jul-to-slf4j-2.0.9.jar;C:\Users\Yaman\.m2\repository\jakarta\annotation\jakarta.annotation-api\2.1.1\jakarta.annotation-api-2.1.1.jar;C:\Users\Yaman\.m2\repository\org\yaml\snakeyaml\1.33\snakeyaml-1.33.jar;C:\Users\Yaman\.m2\repository\org\springframework\spring-aop\6.0.13\spring-aop-6.0.13.jar;C:\Users\Yaman\.m2\repository\org\springframework\spring-beans\6.0.13\spring-beans-6.0.13.jar;C:\Users\Yaman\.m2\repository\org\springframework\security\spring-security-config\6.1.5\spring-security-config-6.1.5.jar;C:\Users\Yaman\.m2\repository\org\springframework\spring-context\6.0.13\spring-context-6.0.13.jar;C:\Users\Yaman\.m2\repository\org\springframework\security\spring-security-web\6.1.5\spring-security-web-6.1.5.jar;C:\Users\Yaman\.m2\repository\org\springframework\spring-expression\6.0.13\spring-expression-6.0.13.jar;C:\Users\Yaman\.m2\repository\org\springframework\boot\spring-boot-starter-web\3.1.5\spring-boot-starter-web-3.1.5.jar;C:\Users\Yaman\.m2\repository\org\springframework\boot\spring-boot-starter-json\3.1.5\spring-boot-starter-json-3.1.5.jar;C:\Users\Yaman\.m2\repository\com\fasterxml\jackson\datatype\jackson-datatype-jdk8\2.15.3\jackson-datatype-jdk8-2.15.3.jar;C:\Users\Yaman\.m2\repository\com\fasterxml\jackson\datatype\jackson-datatype-jsr310\2.15.3\jackson-datatype-jsr310-2.15.3.jar;C:\Users\Yaman\.m2\repository\com\fasterxml\jackson\module\jackson-module-parameter-names\2.15.3\jackson-module-parameter-names-2.15.3.jar;C:\Users\Yaman\.m2\repository\org\springframework\boot\spring-boot-starter-tomcat\3.1.5\spring-boot-starter-tomcat-3.1.5.jar;C:\Users\Yaman\.m2\repository\org\apache\tomcat\embed\tomcat-embed-core\10.1.15\tomcat-embed-core-10.1.15.jar;C:\Users\Yaman\.m2\repository\org\apache\tomcat\embed\tomcat-embed-el\10.1.15\tomcat-embed-el-10.1.15.jar;C:\Users\Yaman\.m2\repository\org\apache\tomcat\embed\tomcat-embed-websocket\10.1.15\tomcat-embed-websocket-10.1.15.jar;C:\Users\Yaman\.m2\repository\org\springframework\spring-web\6.0.13\spring-web-6.0.13.jar;C:\Users\Yaman\.m2\repository\io\micrometer\micrometer-observation\1.11.5\micrometer-observation-1.11.5.jar;C:\Users\Yaman\.m2\repository\io\micrometer\micrometer-commons\1.11.5\micrometer-commons-1.11.5.jar;C:\Users\Yaman\.m2\repository\org\springframework\spring-webmvc\6.0.13\spring-webmvc-6.0.13.jar;C:\Users\Yaman\.m2\repository\com\mysql\mysql-connector-j\8.0.33\mysql-connector-j-8.0.33.jar;C:\Users\Yaman\.m2\repository\org\springframework\boot\spring-boot-starter-test\3.1.5\spring-boot-starter-test-3.1.5.jar;C:\Users\Yaman\.m2\repository\org\springframework\boot\spring-boot-test\3.1.5\spring-boot-test-3.1.5.jar;C:\Users\Yaman\.m2\repository\org\springframework\boot\spring-boot-test-autoconfigure\3.1.5\spring-boot-test-autoconfigure-3.1.5.jar;C:\Users\Yaman\.m2\repository\com\jayway\jsonpath\json-path\2.8.0\json-path-2.8.0.jar;C:\Users\Yaman\.m2\repository\org\slf4j\slf4j-api\2.0.9\slf4j-api-2.0.9.jar;C:\Users\Yaman\.m2\repository\jakarta\xml\bind\jakarta.xml.bind-api\4.0.1\jakarta.xml.bind-api-4.0.1.jar;C:\Users\Yaman\.m2\repository\jakarta\activation\jakarta.activation-api\2.1.2\jakarta.activation-api-2.1.2.jar;C:\Users\Yaman\.m2\repository\net\minidev\json-smart\2.4.11\json-smart-2.4.11.jar;C:\Users\Yaman\.m2\repository\net\minidev\accessors-smart\2.4.11\accessors-smart-2.4.11.jar;C:\Users\Yaman\.m2\repository\org\ow2\asm\asm\9.3\asm-9.3.jar;C:\Users\Yaman\.m2\repository\org\assertj\assertj-core\3.24.2\assertj-core-3.24.2.jar;C:\Users\Yaman\.m2\repository\net\bytebuddy\byte-buddy\1.14.9\byte-buddy-1.14.9.jar;C:\Users\Yaman\.m2\repository\org\hamcrest\hamcrest\2.2\hamcrest-2.2.jar;C:\Users\Yaman\.m2\repository\org\mockito\mockito-core\5.3.1\mockito-core-5.3.1.jar;C:\Users\Yaman\.m2\repository\net\bytebuddy\byte-buddy-agent\1.14.9\byte-buddy-agent-1.14.9.jar;C:\Users\Yaman\.m2\repository\org\objenesis\objenesis\3.3\objenesis-3.3.jar;C:\Users\Yaman\.m2\repository\org\mockito\mockito-junit-jupiter\5.3.1\mockito-junit-jupiter-5.3.1.jar;C:\Users\Yaman\.m2\repository\org\skyscreamer\jsonassert\1.5.1\jsonassert-1.5.1.jar;C:\Users\Yaman\.m2\repository\com\vaadin\external\google\android-json\0.0.20131108.vaadin1\android-json-0.0.20131108.vaadin1.jar;C:\Users\Yaman\.m2\repository\org\springframework\spring-core\6.0.13\spring-core-6.0.13.jar;C:\Users\Yaman\.m2\repository\org\springframework\spring-jcl\6.0.13\spring-jcl-6.0.13.jar;C:\Users\Yaman\.m2\repository\org\springframework\spring-test\6.0.13\spring-test-6.0.13.jar;C:\Users\Yaman\.m2\repository\org\xmlunit\xmlunit-core\2.9.1\xmlunit-core-2.9.1.jar;C:\Users\Yaman\.m2\repository\org\springframework\security\spring-security-test\6.1.5\spring-security-test-6.1.5.jar;C:\Users\Yaman\.m2\repository\org\springframework\security\spring-security-core\6.1.5\spring-security-core-6.1.5.jar;C:\Users\Yaman\.m2\repository\org\springframework\security\spring-security-crypto\6.1.5\spring-security-crypto-6.1.5.jar;C:\Users\Yaman\.m2\repository\org\springframework\boot\spring-boot-starter-data-jpa\3.1.5\spring-boot-starter-data-jpa-3.1.5.jar;C:\Users\Yaman\.m2\repository\org\springframework\boot\spring-boot-starter-aop\3.1.5\spring-boot-starter-aop-3.1.5.jar;C:\Users\Yaman\.m2\repository\org\aspectj\aspectjweaver\1.9.20\aspectjweaver-1.9.20.jar;C:\Users\Yaman\.m2\repository\org\springframework\boot\spring-boot-starter-jdbc\3.1.5\spring-boot-starter-jdbc-3.1.5.jar;C:\Users\Yaman\.m2\repository\com\zaxxer\HikariCP\5.0.1\HikariCP-5.0.1.jar;C:\Users\Yaman\.m2\repository\org\springframework\spring-jdbc\6.0.13\spring-jdbc-6.0.13.jar;C:\Users\Yaman\.m2\repository\org\hibernate\orm\hibernate-core\6.2.13.Final\hibernate-core-6.2.13.Final.jar;C:\Users\Yaman\.m2\repository\jakarta\transaction\jakarta.transaction-api\2.0.1\jakarta.transaction-api-2.0.1.jar;C:\Users\Yaman\.m2\repository\org\jboss\logging\jboss-logging\3.5.3.Final\jboss-logging-3.5.3.Final.jar;C:\Users\Yaman\.m2\repository\org\hibernate\common\hibernate-commons-annotations\6.0.6.Final\hibernate-commons-annotations-6.0.6.Final.jar;C:\Users\Yaman\.m2\repository\io\smallrye\jandex\3.0.5\jandex-3.0.5.jar;C:\Users\Yaman\.m2\repository\com\fasterxml\classmate\1.5.1\classmate-1.5.1.jar;C:\Users\Yaman\.m2\repository\org\glassfish\jaxb\jaxb-runtime\4.0.3\jaxb-runtime-4.0.3.jar;C:\Users\Yaman\.m2\repository\jakarta\inject\jakarta.inject-api\2.0.1\jakarta.inject-api-2.0.1.jar;C:\Users\Yaman\.m2\repository\org\antlr\antlr4-runtime\4.10.1\antlr4-runtime-4.10.1.jar;C:\Users\Yaman\.m2\repository\org\springframework\data\spring-data-jpa\3.1.5\spring-data-jpa-3.1.5.jar;C:\Users\Yaman\.m2\repository\org\springframework\data\spring-data-commons\3.1.5\spring-data-commons-3.1.5.jar;C:\Users\Yaman\.m2\repository\org\springframework\spring-orm\6.0.13\spring-orm-6.0.13.jar;C:\Users\Yaman\.m2\repository\org\springframework\spring-tx\6.0.13\spring-tx-6.0.13.jar;C:\Users\Yaman\.m2\repository\org\springframework\spring-aspects\6.0.13\spring-aspects-6.0.13.jar;C:\Users\Yaman\.m2\repository\org\springframework\boot\spring-boot-starter-oauth2-resource-server\3.2.1\spring-boot-starter-oauth2-resource-server-3.2.1.jar;C:\Users\Yaman\.m2\repository\org\springframework\security\spring-security-oauth2-resource-server\6.1.5\spring-security-oauth2-resource-server-6.1.5.jar;C:\Users\Yaman\.m2\repository\org\springframework\security\spring-security-oauth2-core\6.1.5\spring-security-oauth2-core-6.1.5.jar;C:\Users\Yaman\.m2\repository\org\springframework\security\spring-security-oauth2-jose\6.1.5\spring-security-oauth2-jose-6.1.5.jar;C:\Users\Yaman\.m2\repository\com\nimbusds\nimbus-jose-jwt\9.24.4\nimbus-jose-jwt-9.24.4.jar;C:\Users\Yaman\.m2\repository\com\github\stephenc\jcip\jcip-annotations\1.0-1\jcip-annotations-1.0-1.jar;C:\Users\Yaman\.m2\repository\jakarta\persistence\jakarta.persistence-api\3.1.0\jakarta.persistence-api-3.1.0.jar;C:\Users\Yaman\.m2\repository\org\keycloak\keycloak-servlet-filter-adapter\23.0.3\keycloak-servlet-filter-adapter-23.0.3.jar;C:\Users\Yaman\.m2\repository\org\keycloak\keycloak-core\23.0.3\keycloak-core-23.0.3.jar;C:\Users\Yaman\.m2\repository\org\eclipse\microprofile\openapi\microprofile-openapi-api\3.1.1\microprofile-openapi-api-3.1.1.jar;C:\Users\Yaman\.m2\repository\org\keycloak\keycloak-adapter-spi\23.0.3\keycloak-adapter-spi-23.0.3.jar;C:\Users\Yaman\.m2\repository\org\keycloak\keycloak-servlet-adapter-spi\23.0.3\keycloak-servlet-adapter-spi-23.0.3.jar;C:\Users\Yaman\.m2\repository\org\keycloak\keycloak-adapter-core\23.0.3\keycloak-adapter-core-23.0.3.jar;C:\Users\Yaman\.m2\repository\org\keycloak\keycloak-crypto-default\23.0.3\keycloak-crypto-default-23.0.3.jar;C:\Users\Yaman\.m2\repository\org\keycloak\keycloak-server-spi\23.0.3\keycloak-server-spi-23.0.3.jar;C:\Users\Yaman\.m2\repository\org\keycloak\keycloak-server-spi-private\23.0.3\keycloak-server-spi-private-23.0.3.jar;C:\Users\Yaman\.m2\repository\org\bouncycastle\bcpkix-jdk18on\1.74\bcpkix-jdk18on-1.74.jar;C:\Users\Yaman\.m2\repository\org\bouncycastle\bcutil-jdk18on\1.74\bcutil-jdk18on-1.74.jar;C:\Users\Yaman\.m2\repository\org\keycloak\keycloak-policy-enforcer\23.0.3\keycloak-policy-enforcer-23.0.3.jar;C:\Users\Yaman\.m2\repository\org\apache\httpcomponents\httpclient\4.5.14\httpclient-4.5.14.jar;C:\Users\Yaman\.m2\repository\org\apache\httpcomponents\httpcore\4.4.16\httpcore-4.4.16.jar;C:\Users\Yaman\.m2\repository\commons-logging\commons-logging\1.2\commons-logging-1.2.jar;C:\Users\Yaman\.m2\repository\commons-codec\commons-codec\1.15\commons-codec-1.15.jar;C:\Users\Yaman\.m2\repository\org\bouncycastle\bcprov-jdk18on\1.74\bcprov-jdk18on-1.74.jar;C:\Users\Yaman\.m2\repository\com\fasterxml\jackson\core\jackson-core\2.15.3\jackson-core-2.15.3.jar;C:\Users\Yaman\.m2\repository\com\fasterxml\jackson\core\jackson-databind\2.15.3\jackson-databind-2.15.3.jar;C:\Users\Yaman\.m2\repository\com\fasterxml\jackson\core\jackson-annotations\2.15.3\jackson-annotations-2.15.3.jar;C:\Users\Yaman\.m2\repository\org\keycloak\keycloak-spring-boot-starter\23.0.3\keycloak-spring-boot-starter-23.0.3.jar;C:\Users\Yaman\.m2\repository\org\keycloak\keycloak-spring-boot-2-adapter\23.0.3\keycloak-spring-boot-2-adapter-23.0.3.jar;C:\Users\Yaman\.m2\repository\org\keycloak\keycloak-spring-boot-adapter-core\23.0.3\keycloak-spring-boot-adapter-core-23.0.3.jar;C:\Users\Yaman\.m2\repository\org\keycloak\keycloak-authz-client\23.0.3\keycloak-authz-client-23.0.3.jar;C:\Users\Yaman\.m2\repository\org\keycloak\spring-boot-container-bundle\23.0.3\spring-boot-container-bundle-23.0.3.jar;C:\Users\Yaman\.m2\repository\org\keycloak\keycloak-spring-security-adapter\23.0.3\keycloak-spring-security-adapter-23.0.3.jar;C:\Users\Yaman\.m2\repository\org\keycloak\keycloak-admin-client\23.0.3\keycloak-admin-client-23.0.3.jar;C:\Users\Yaman\.m2\repository\org\keycloak\keycloak-common\23.0.3\keycloak-common-23.0.3.jar;C:\Users\Yaman\.m2\repository\org\jboss\resteasy\resteasy-client\6.2.4.Final\resteasy-client-6.2.4.Final.jar;C:\Users\Yaman\.m2\repository\org\jboss\resteasy\resteasy-client-api\6.2.4.Final\resteasy-client-api-6.2.4.Final.jar;C:\Users\Yaman\.m2\repository\org\jboss\resteasy\resteasy-core-spi\6.2.4.Final\resteasy-core-spi-6.2.4.Final.jar;C:\Users\Yaman\.m2\repository\jakarta\validation\jakarta.validation-api\3.0.2\jakarta.validation-api-3.0.2.jar;C:\Users\Yaman\.m2\repository\org\jboss\resteasy\resteasy-core\6.2.4.Final\resteasy-core-6.2.4.Final.jar;C:\Users\Yaman\.m2\repository\org\jboss\jandex\2.4.3.Final\jandex-2.4.3.Final.jar;C:\Users\Yaman\.m2\repository\org\eclipse\angus\angus-activation\2.0.1\angus-activation-2.0.1.jar;C:\Users\Yaman\.m2\repository\com\ibm\async\asyncutil\0.1.0\asyncutil-0.1.0.jar;C:\Users\Yaman\.m2\repository\jakarta\ws\rs\jakarta.ws.rs-api\3.1.0\jakarta.ws.rs-api-3.1.0.jar;C:\Users\Yaman\.m2\repository\org\reactivestreams\reactive-streams\1.0.4\reactive-streams-1.0.4.jar;C:\Users\Yaman\.m2\repository\org\jboss\resteasy\resteasy-multipart-provider\6.2.4.Final\resteasy-multipart-provider-6.2.4.Final.jar;C:\Users\Yaman\.m2\repository\jakarta\mail\jakarta.mail-api\2.1.2\jakarta.mail-api-2.1.2.jar;C:\Users\Yaman\.m2\repository\org\eclipse\angus\angus-mail\1.1.0\angus-mail-1.1.0.jar;C:\Users\Yaman\.m2\repository\org\apache\james\apache-mime4j-dom\0.8.9\apache-mime4j-dom-0.8.9.jar;C:\Users\Yaman\.m2\repository\org\apache\james\apache-mime4j-core\0.8.9\apache-mime4j-core-0.8.9.jar;C:\Users\Yaman\.m2\repository\org\apache\james\apache-mime4j-storage\0.8.9\apache-mime4j-storage-0.8.9.jar;C:\Users\Yaman\.m2\repository\commons-io\commons-io\2.11.0\commons-io-2.11.0.jar;C:\Users\Yaman\.m2\repository\org\jboss\resteasy\resteasy-jackson2-provider\6.2.4.Final\resteasy-jackson2-provider-6.2.4.Final.jar;C:\Users\Yaman\.m2\repository\com\fasterxml\jackson\jakarta\rs\jackson-jakarta-rs-base\2.15.3\jackson-jakarta-rs-base-2.15.3.jar;C:\Users\Yaman\.m2\repository\com\fasterxml\jackson\jakarta\rs\jackson-jakarta-rs-json-provider\2.15.3\jackson-jakarta-rs-json-provider-2.15.3.jar;C:\Users\Yaman\.m2\repository\com\fasterxml\jackson\module\jackson-module-jakarta-xmlbind-annotations\2.15.3\jackson-module-jakarta-xmlbind-annotations-2.15.3.jar;C:\Users\Yaman\.m2\repository\com\github\java-json-tools\json-patch\1.13\json-patch-1.13.jar;C:\Users\Yaman\.m2\repository\com\github\java-json-tools\msg-simple\1.2\msg-simple-1.2.jar;C:\Users\Yaman\.m2\repository\com\github\java-json-tools\btf\1.3\btf-1.3.jar;C:\Users\Yaman\.m2\repository\com\github\java-json-tools\jackson-coreutils\2.0\jackson-coreutils-2.0.jar;C:\Users\Yaman\.m2\repository\org\jboss\resteasy\resteasy-jaxb-provider\6.2.4.Final\resteasy-jaxb-provider-6.2.4.Final.jar;C:\Users\Yaman\.m2\repository\org\glassfish\jaxb\codemodel\4.0.3\codemodel-4.0.3.jar;C:\Users\Yaman\.m2\repository\org\glassfish\jaxb\jaxb-core\4.0.3\jaxb-core-4.0.3.jar;C:\Users\Yaman\.m2\repository\org\glassfish\jaxb\jaxb-jxc\4.0.3\jaxb-jxc-4.0.3.jar;C:\Users\Yaman\.m2\repository\org\glassfish\jaxb\txw2\4.0.3\txw2-4.0.3.jar;C:\Users\Yaman\.m2\repository\org\glassfish\jaxb\jaxb-xjc\4.0.3\jaxb-xjc-4.0.3.jar;C:\Users\Yaman\.m2\repository\org\glassfish\jaxb\xsom\4.0.3\xsom-4.0.3.jar;C:\Users\Yaman\.m2\repository\com\sun\istack\istack-commons-runtime\4.1.2\istack-commons-runtime-4.1.2.jar;C:\Users\Yaman\.m2\repository\com\sun\istack\istack-commons-tools\4.1.2\istack-commons-tools-4.1.2.jar;C:\Users\Yaman\.m2\repository\com\sun\xml\bind\external\relaxng-datatype\4.0.2\relaxng-datatype-4.0.2.jar;C:\Users\Yaman\.m2\repository\com\sun\xml\bind\external\rngom\4.0.2\rngom-4.0.2.jar;C:\Users\Yaman\.m2\repository\org\junit\jupiter\junit-jupiter\5.10.1\junit-jupiter-5.10.1.jar;C:\Users\Yaman\.m2\repository\org\junit\jupiter\junit-jupiter-api\5.9.3\junit-jupiter-api-5.9.3.jar;C:\Users\Yaman\.m2\repository\org\opentest4j\opentest4j\1.2.0\opentest4j-1.2.0.jar;C:\Users\Yaman\.m2\repository\org\junit\platform\junit-platform-commons\1.9.3\junit-platform-commons-1.9.3.jar;C:\Users\Yaman\.m2\repository\org\apiguardian\apiguardian-api\1.1.2\apiguardian-api-1.1.2.jar;C:\Users\Yaman\.m2\repository\org\junit\jupiter\junit-jupiter-params\5.9.3\junit-jupiter-params-5.9.3.jar;C:\Users\Yaman\.m2\repository\org\junit\jupiter\junit-jupiter-engine\5.9.3\junit-jupiter-engine-5.9.3.jar;C:\Users\Yaman\.m2\repository\org\junit\platform\junit-platform-engine\1.9.3\junit-platform-engine-1.9.3.jar;"/>
    <property name="java.vm.vendor" value="Oracle Corporation"/>
    <property name="sun.arch.data.model" value="64"/>
    <property name="user.variant" value=""/>
    <property name="java.vendor.url" value="https://java.oracle.com/"/>
    <property name="user.timezone" value="Europe/Stockholm"/>
    <property name="org.jboss.logging.provider" value="slf4j"/>
    <property name="os.name" value="Windows 11"/>
    <property name="java.vm.specification.version" value="21"/>
    <property name="sun.java.launcher" value="SUN_STANDARD"/>
    <property name="user.country" value="SE"/>
    <property name="sun.boot.library.path" value="C:\Users\Yaman\.jdks\openjdk-21\bin"/>
    <property name="sun.java.command" value="C:\Users\Yaman\AppData\Local\Temp\surefire9179387206181370321\surefirebooter-20240107143102290_3.jar C:\Users\Yaman\AppData\Local\Temp\surefire9179387206181370321 2024-01-07T14-31-02_149-jvmRun1 surefire-20240107143102290_1tmp surefire_0-20240107143102290_2tmp"/>
    <property name="jdk.debug" value="release"/>
    <property name="surefire.test.class.path" value="C:\Users\Yaman\GitHub\employee-microservice\target\test-classes;C:\Users\Yaman\GitHub\employee-microservice\target\classes;C:\Users\Yaman\.m2\repository\org\springframework\boot\spring-boot-starter-security\3.1.5\spring-boot-starter-security-3.1.5.jar;C:\Users\Yaman\.m2\repository\org\springframework\boot\spring-boot-starter\3.1.5\spring-boot-starter-3.1.5.jar;C:\Users\Yaman\.m2\repository\org\springframework\boot\spring-boot\3.1.5\spring-boot-3.1.5.jar;C:\Users\Yaman\.m2\repository\org\springframework\boot\spring-boot-autoconfigure\3.1.5\spring-boot-autoconfigure-3.1.5.jar;C:\Users\Yaman\.m2\repository\org\springframework\boot\spring-boot-starter-logging\3.1.5\spring-boot-starter-logging-3.1.5.jar;C:\Users\Yaman\.m2\repository\ch\qos\logback\logback-classic\1.4.11\logback-classic-1.4.11.jar;C:\Users\Yaman\.m2\repository\ch\qos\logback\logback-core\1.4.11\logback-core-1.4.11.jar;C:\Users\Yaman\.m2\repository\org\apache\logging\log4j\log4j-to-slf4j\2.20.0\log4j-to-slf4j-2.20.0.jar;C:\Users\Yaman\.m2\repository\org\apache\logging\log4j\log4j-api\2.20.0\log4j-api-2.20.0.jar;C:\Users\Yaman\.m2\repository\org\slf4j\jul-to-slf4j\2.0.9\jul-to-slf4j-2.0.9.jar;C:\Users\Yaman\.m2\repository\jakarta\annotation\jakarta.annotation-api\2.1.1\jakarta.annotation-api-2.1.1.jar;C:\Users\Yaman\.m2\repository\org\yaml\snakeyaml\1.33\snakeyaml-1.33.jar;C:\Users\Yaman\.m2\repository\org\springframework\spring-aop\6.0.13\spring-aop-6.0.13.jar;C:\Users\Yaman\.m2\repository\org\springframework\spring-beans\6.0.13\spring-beans-6.0.13.jar;C:\Users\Yaman\.m2\repository\org\springframework\security\spring-security-config\6.1.5\spring-security-config-6.1.5.jar;C:\Users\Yaman\.m2\repository\org\springframework\spring-context\6.0.13\spring-context-6.0.13.jar;C:\Users\Yaman\.m2\repository\org\springframework\security\spring-security-web\6.1.5\spring-security-web-6.1.5.jar;C:\Users\Yaman\.m2\repository\org\springframework\spring-expression\6.0.13\spring-expression-6.0.13.jar;C:\Users\Yaman\.m2\repository\org\springframework\boot\spring-boot-starter-web\3.1.5\spring-boot-starter-web-3.1.5.jar;C:\Users\Yaman\.m2\repository\org\springframework\boot\spring-boot-starter-json\3.1.5\spring-boot-starter-json-3.1.5.jar;C:\Users\Yaman\.m2\repository\com\fasterxml\jackson\datatype\jackson-datatype-jdk8\2.15.3\jackson-datatype-jdk8-2.15.3.jar;C:\Users\Yaman\.m2\repository\com\fasterxml\jackson\datatype\jackson-datatype-jsr310\2.15.3\jackson-datatype-jsr310-2.15.3.jar;C:\Users\Yaman\.m2\repository\com\fasterxml\jackson\module\jackson-module-parameter-names\2.15.3\jackson-module-parameter-names-2.15.3.jar;C:\Users\Yaman\.m2\repository\org\springframework\boot\spring-boot-starter-tomcat\3.1.5\spring-boot-starter-tomcat-3.1.5.jar;C:\Users\Yaman\.m2\repository\org\apache\tomcat\embed\tomcat-embed-core\10.1.15\tomcat-embed-core-10.1.15.jar;C:\Users\Yaman\.m2\repository\org\apache\tomcat\embed\tomcat-embed-el\10.1.15\tomcat-embed-el-10.1.15.jar;C:\Users\Yaman\.m2\repository\org\apache\tomcat\embed\tomcat-embed-websocket\10.1.15\tomcat-embed-websocket-10.1.15.jar;C:\Users\Yaman\.m2\repository\org\springframework\spring-web\6.0.13\spring-web-6.0.13.jar;C:\Users\Yaman\.m2\repository\io\micrometer\micrometer-observation\1.11.5\micrometer-observation-1.11.5.jar;C:\Users\Yaman\.m2\repository\io\micrometer\micrometer-commons\1.11.5\micrometer-commons-1.11.5.jar;C:\Users\Yaman\.m2\repository\org\springframework\spring-webmvc\6.0.13\spring-webmvc-6.0.13.jar;C:\Users\Yaman\.m2\repository\com\mysql\mysql-connector-j\8.0.33\mysql-connector-j-8.0.33.jar;C:\Users\Yaman\.m2\repository\org\springframework\boot\spring-boot-starter-test\3.1.5\spring-boot-starter-test-3.1.5.jar;C:\Users\Yaman\.m2\repository\org\springframework\boot\spring-boot-test\3.1.5\spring-boot-test-3.1.5.jar;C:\Users\Yaman\.m2\repository\org\springframework\boot\spring-boot-test-autoconfigure\3.1.5\spring-boot-test-autoconfigure-3.1.5.jar;C:\Users\Yaman\.m2\repository\com\jayway\jsonpath\json-path\2.8.0\json-path-2.8.0.jar;C:\Users\Yaman\.m2\repository\org\slf4j\slf4j-api\2.0.9\slf4j-api-2.0.9.jar;C:\Users\Yaman\.m2\repository\jakarta\xml\bind\jakarta.xml.bind-api\4.0.1\jakarta.xml.bind-api-4.0.1.jar;C:\Users\Yaman\.m2\repository\jakarta\activation\jakarta.activation-api\2.1.2\jakarta.activation-api-2.1.2.jar;C:\Users\Yaman\.m2\repository\net\minidev\json-smart\2.4.11\json-smart-2.4.11.jar;C:\Users\Yaman\.m2\repository\net\minidev\accessors-smart\2.4.11\accessors-smart-2.4.11.jar;C:\Users\Yaman\.m2\repository\org\ow2\asm\asm\9.3\asm-9.3.jar;C:\Users\Yaman\.m2\repository\org\assertj\assertj-core\3.24.2\assertj-core-3.24.2.jar;C:\Users\Yaman\.m2\repository\net\bytebuddy\byte-buddy\1.14.9\byte-buddy-1.14.9.jar;C:\Users\Yaman\.m2\repository\org\hamcrest\hamcrest\2.2\hamcrest-2.2.jar;C:\Users\Yaman\.m2\repository\org\mockito\mockito-core\5.3.1\mockito-core-5.3.1.jar;C:\Users\Yaman\.m2\repository\net\bytebuddy\byte-buddy-agent\1.14.9\byte-buddy-agent-1.14.9.jar;C:\Users\Yaman\.m2\repository\org\objenesis\objenesis\3.3\objenesis-3.3.jar;C:\Users\Yaman\.m2\repository\org\mockito\mockito-junit-jupiter\5.3.1\mockito-junit-jupiter-5.3.1.jar;C:\Users\Yaman\.m2\repository\org\skyscreamer\jsonassert\1.5.1\jsonassert-1.5.1.jar;C:\Users\Yaman\.m2\repository\com\vaadin\external\google\android-json\0.0.20131108.vaadin1\android-json-0.0.20131108.vaadin1.jar;C:\Users\Yaman\.m2\repository\org\springframework\spring-core\6.0.13\spring-core-6.0.13.jar;C:\Users\Yaman\.m2\repository\org\springframework\spring-jcl\6.0.13\spring-jcl-6.0.13.jar;C:\Users\Yaman\.m2\repository\org\springframework\spring-test\6.0.13\spring-test-6.0.13.jar;C:\Users\Yaman\.m2\repository\org\xmlunit\xmlunit-core\2.9.1\xmlunit-core-2.9.1.jar;C:\Users\Yaman\.m2\repository\org\springframework\security\spring-security-test\6.1.5\spring-security-test-6.1.5.jar;C:\Users\Yaman\.m2\repository\org\springframework\security\spring-security-core\6.1.5\spring-security-core-6.1.5.jar;C:\Users\Yaman\.m2\repository\org\springframework\security\spring-security-crypto\6.1.5\spring-security-crypto-6.1.5.jar;C:\Users\Yaman\.m2\repository\org\springframework\boot\spring-boot-starter-data-jpa\3.1.5\spring-boot-starter-data-jpa-3.1.5.jar;C:\Users\Yaman\.m2\repository\org\springframework\boot\spring-boot-starter-aop\3.1.5\spring-boot-starter-aop-3.1.5.jar;C:\Users\Yaman\.m2\repository\org\aspectj\aspectjweaver\1.9.20\aspectjweaver-1.9.20.jar;C:\Users\Yaman\.m2\repository\org\springframework\boot\spring-boot-starter-jdbc\3.1.5\spring-boot-starter-jdbc-3.1.5.jar;C:\Users\Yaman\.m2\repository\com\zaxxer\HikariCP\5.0.1\HikariCP-5.0.1.jar;C:\Users\Yaman\.m2\repository\org\springframework\spring-jdbc\6.0.13\spring-jdbc-6.0.13.jar;C:\Users\Yaman\.m2\repository\org\hibernate\orm\hibernate-core\6.2.13.Final\hibernate-core-6.2.13.Final.jar;C:\Users\Yaman\.m2\repository\jakarta\transaction\jakarta.transaction-api\2.0.1\jakarta.transaction-api-2.0.1.jar;C:\Users\Yaman\.m2\repository\org\jboss\logging\jboss-logging\3.5.3.Final\jboss-logging-3.5.3.Final.jar;C:\Users\Yaman\.m2\repository\org\hibernate\common\hibernate-commons-annotations\6.0.6.Final\hibernate-commons-annotations-6.0.6.Final.jar;C:\Users\Yaman\.m2\repository\io\smallrye\jandex\3.0.5\jandex-3.0.5.jar;C:\Users\Yaman\.m2\repository\com\fasterxml\classmate\1.5.1\classmate-1.5.1.jar;C:\Users\Yaman\.m2\repository\org\glassfish\jaxb\jaxb-runtime\4.0.3\jaxb-runtime-4.0.3.jar;C:\Users\Yaman\.m2\repository\jakarta\inject\jakarta.inject-api\2.0.1\jakarta.inject-api-2.0.1.jar;C:\Users\Yaman\.m2\repository\org\antlr\antlr4-runtime\4.10.1\antlr4-runtime-4.10.1.jar;C:\Users\Yaman\.m2\repository\org\springframework\data\spring-data-jpa\3.1.5\spring-data-jpa-3.1.5.jar;C:\Users\Yaman\.m2\repository\org\springframework\data\spring-data-commons\3.1.5\spring-data-commons-3.1.5.jar;C:\Users\Yaman\.m2\repository\org\springframework\spring-orm\6.0.13\spring-orm-6.0.13.jar;C:\Users\Yaman\.m2\repository\org\springframework\spring-tx\6.0.13\spring-tx-6.0.13.jar;C:\Users\Yaman\.m2\repository\org\springframework\spring-aspects\6.0.13\spring-aspects-6.0.13.jar;C:\Users\Yaman\.m2\repository\org\springframework\boot\spring-boot-starter-oauth2-resource-server\3.2.1\spring-boot-starter-oauth2-resource-server-3.2.1.jar;C:\Users\Yaman\.m2\repository\org\springframework\security\spring-security-oauth2-resource-server\6.1.5\spring-security-oauth2-resource-server-6.1.5.jar;C:\Users\Yaman\.m2\repository\org\springframework\security\spring-security-oauth2-core\6.1.5\spring-security-oauth2-core-6.1.5.jar;C:\Users\Yaman\.m2\repository\org\springframework\security\spring-security-oauth2-jose\6.1.5\spring-security-oauth2-jose-6.1.5.jar;C:\Users\Yaman\.m2\repository\com\nimbusds\nimbus-jose-jwt\9.24.4\nimbus-jose-jwt-9.24.4.jar;C:\Users\Yaman\.m2\repository\com\github\stephenc\jcip\jcip-annotations\1.0-1\jcip-annotations-1.0-1.jar;C:\Users\Yaman\.m2\repository\jakarta\persistence\jakarta.persistence-api\3.1.0\jakarta.persistence-api-3.1.0.jar;C:\Users\Yaman\.m2\repository\org\keycloak\keycloak-servlet-filter-adapter\23.0.3\keycloak-servlet-filter-adapter-23.0.3.jar;C:\Users\Yaman\.m2\repository\org\keycloak\keycloak-core\23.0.3\keycloak-core-23.0.3.jar;C:\Users\Yaman\.m2\repository\org\eclipse\microprofile\openapi\microprofile-openapi-api\3.1.1\microprofile-openapi-api-3.1.1.jar;C:\Users\Yaman\.m2\repository\org\keycloak\keycloak-adapter-spi\23.0.3\keycloak-adapter-spi-23.0.3.jar;C:\Users\Yaman\.m2\repository\org\keycloak\keycloak-servlet-adapter-spi\23.0.3\keycloak-servlet-adapter-spi-23.0.3.jar;C:\Users\Yaman\.m2\repository\org\keycloak\keycloak-adapter-core\23.0.3\keycloak-adapter-core-23.0.3.jar;C:\Users\Yaman\.m2\repository\org\keycloak\keycloak-crypto-default\23.0.3\keycloak-crypto-default-23.0.3.jar;C:\Users\Yaman\.m2\repository\org\keycloak\keycloak-server-spi\23.0.3\keycloak-server-spi-23.0.3.jar;C:\Users\Yaman\.m2\repository\org\keycloak\keycloak-server-spi-private\23.0.3\keycloak-server-spi-private-23.0.3.jar;C:\Users\Yaman\.m2\repository\org\bouncycastle\bcpkix-jdk18on\1.74\bcpkix-jdk18on-1.74.jar;C:\Users\Yaman\.m2\repository\org\bouncycastle\bcutil-jdk18on\1.74\bcutil-jdk18on-1.74.jar;C:\Users\Yaman\.m2\repository\org\keycloak\keycloak-policy-enforcer\23.0.3\keycloak-policy-enforcer-23.0.3.jar;C:\Users\Yaman\.m2\repository\org\apache\httpcomponents\httpclient\4.5.14\httpclient-4.5.14.jar;C:\Users\Yaman\.m2\repository\org\apache\httpcomponents\httpcore\4.4.16\httpcore-4.4.16.jar;C:\Users\Yaman\.m2\repository\commons-logging\commons-logging\1.2\commons-logging-1.2.jar;C:\Users\Yaman\.m2\repository\commons-codec\commons-codec\1.15\commons-codec-1.15.jar;C:\Users\Yaman\.m2\repository\org\bouncycastle\bcprov-jdk18on\1.74\bcprov-jdk18on-1.74.jar;C:\Users\Yaman\.m2\repository\com\fasterxml\jackson\core\jackson-core\2.15.3\jackson-core-2.15.3.jar;C:\Users\Yaman\.m2\repository\com\fasterxml\jackson\core\jackson-databind\2.15.3\jackson-databind-2.15.3.jar;C:\Users\Yaman\.m2\repository\com\fasterxml\jackson\core\jackson-annotations\2.15.3\jackson-annotations-2.15.3.jar;C:\Users\Yaman\.m2\repository\org\keycloak\keycloak-spring-boot-starter\23.0.3\keycloak-spring-boot-starter-23.0.3.jar;C:\Users\Yaman\.m2\repository\org\keycloak\keycloak-spring-boot-2-adapter\23.0.3\keycloak-spring-boot-2-adapter-23.0.3.jar;C:\Users\Yaman\.m2\repository\org\keycloak\keycloak-spring-boot-adapter-core\23.0.3\keycloak-spring-boot-adapter-core-23.0.3.jar;C:\Users\Yaman\.m2\repository\org\keycloak\keycloak-authz-client\23.0.3\keycloak-authz-client-23.0.3.jar;C:\Users\Yaman\.m2\repository\org\keycloak\spring-boot-container-bundle\23.0.3\spring-boot-container-bundle-23.0.3.jar;C:\Users\Yaman\.m2\repository\org\keycloak\keycloak-spring-security-adapter\23.0.3\keycloak-spring-security-adapter-23.0.3.jar;C:\Users\Yaman\.m2\repository\org\keycloak\keycloak-admin-client\23.0.3\keycloak-admin-client-23.0.3.jar;C:\Users\Yaman\.m2\repository\org\keycloak\keycloak-common\23.0.3\keycloak-common-23.0.3.jar;C:\Users\Yaman\.m2\repository\org\jboss\resteasy\resteasy-client\6.2.4.Final\resteasy-client-6.2.4.Final.jar;C:\Users\Yaman\.m2\repository\org\jboss\resteasy\resteasy-client-api\6.2.4.Final\resteasy-client-api-6.2.4.Final.jar;C:\Users\Yaman\.m2\repository\org\jboss\resteasy\resteasy-core-spi\6.2.4.Final\resteasy-core-spi-6.2.4.Final.jar;C:\Users\Yaman\.m2\repository\jakarta\validation\jakarta.validation-api\3.0.2\jakarta.validation-api-3.0.2.jar;C:\Users\Yaman\.m2\repository\org\jboss\resteasy\resteasy-core\6.2.4.Final\resteasy-core-6.2.4.Final.jar;C:\Users\Yaman\.m2\repository\org\jboss\jandex\2.4.3.Final\jandex-2.4.3.Final.jar;C:\Users\Yaman\.m2\repository\org\eclipse\angus\angus-activation\2.0.1\angus-activation-2.0.1.jar;C:\Users\Yaman\.m2\repository\com\ibm\async\asyncutil\0.1.0\asyncutil-0.1.0.jar;C:\Users\Yaman\.m2\repository\jakarta\ws\rs\jakarta.ws.rs-api\3.1.0\jakarta.ws.rs-api-3.1.0.jar;C:\Users\Yaman\.m2\repository\org\reactivestreams\reactive-streams\1.0.4\reactive-streams-1.0.4.jar;C:\Users\Yaman\.m2\repository\org\jboss\resteasy\resteasy-multipart-provider\6.2.4.Final\resteasy-multipart-provider-6.2.4.Final.jar;C:\Users\Yaman\.m2\repository\jakarta\mail\jakarta.mail-api\2.1.2\jakarta.mail-api-2.1.2.jar;C:\Users\Yaman\.m2\repository\org\eclipse\angus\angus-mail\1.1.0\angus-mail-1.1.0.jar;C:\Users\Yaman\.m2\repository\org\apache\james\apache-mime4j-dom\0.8.9\apache-mime4j-dom-0.8.9.jar;C:\Users\Yaman\.m2\repository\org\apache\james\apache-mime4j-core\0.8.9\apache-mime4j-core-0.8.9.jar;C:\Users\Yaman\.m2\repository\org\apache\james\apache-mime4j-storage\0.8.9\apache-mime4j-storage-0.8.9.jar;C:\Users\Yaman\.m2\repository\commons-io\commons-io\2.11.0\commons-io-2.11.0.jar;C:\Users\Yaman\.m2\repository\org\jboss\resteasy\resteasy-jackson2-provider\6.2.4.Final\resteasy-jackson2-provider-6.2.4.Final.jar;C:\Users\Yaman\.m2\repository\com\fasterxml\jackson\jakarta\rs\jackson-jakarta-rs-base\2.15.3\jackson-jakarta-rs-base-2.15.3.jar;C:\Users\Yaman\.m2\repository\com\fasterxml\jackson\jakarta\rs\jackson-jakarta-rs-json-provider\2.15.3\jackson-jakarta-rs-json-provider-2.15.3.jar;C:\Users\Yaman\.m2\repository\com\fasterxml\jackson\module\jackson-module-jakarta-xmlbind-annotations\2.15.3\jackson-module-jakarta-xmlbind-annotations-2.15.3.jar;C:\Users\Yaman\.m2\repository\com\github\java-json-tools\json-patch\1.13\json-patch-1.13.jar;C:\Users\Yaman\.m2\repository\com\github\java-json-tools\msg-simple\1.2\msg-simple-1.2.jar;C:\Users\Yaman\.m2\repository\com\github\java-json-tools\btf\1.3\btf-1.3.jar;C:\Users\Yaman\.m2\repository\com\github\java-json-tools\jackson-coreutils\2.0\jackson-coreutils-2.0.jar;C:\Users\Yaman\.m2\repository\org\jboss\resteasy\resteasy-jaxb-provider\6.2.4.Final\resteasy-jaxb-provider-6.2.4.Final.jar;C:\Users\Yaman\.m2\repository\org\glassfish\jaxb\codemodel\4.0.3\codemodel-4.0.3.jar;C:\Users\Yaman\.m2\repository\org\glassfish\jaxb\jaxb-core\4.0.3\jaxb-core-4.0.3.jar;C:\Users\Yaman\.m2\repository\org\glassfish\jaxb\jaxb-jxc\4.0.3\jaxb-jxc-4.0.3.jar;C:\Users\Yaman\.m2\repository\org\glassfish\jaxb\txw2\4.0.3\txw2-4.0.3.jar;C:\Users\Yaman\.m2\repository\org\glassfish\jaxb\jaxb-xjc\4.0.3\jaxb-xjc-4.0.3.jar;C:\Users\Yaman\.m2\repository\org\glassfish\jaxb\xsom\4.0.3\xsom-4.0.3.jar;C:\Users\Yaman\.m2\repository\com\sun\istack\istack-commons-runtime\4.1.2\istack-commons-runtime-4.1.2.jar;C:\Users\Yaman\.m2\repository\com\sun\istack\istack-commons-tools\4.1.2\istack-commons-tools-4.1.2.jar;C:\Users\Yaman\.m2\repository\com\sun\xml\bind\external\relaxng-datatype\4.0.2\relaxng-datatype-4.0.2.jar;C:\Users\Yaman\.m2\repository\com\sun\xml\bind\external\rngom\4.0.2\rngom-4.0.2.jar;C:\Users\Yaman\.m2\repository\org\junit\jupiter\junit-jupiter\5.10.1\junit-jupiter-5.10.1.jar;C:\Users\Yaman\.m2\repository\org\junit\jupiter\junit-jupiter-api\5.9.3\junit-jupiter-api-5.9.3.jar;C:\Users\Yaman\.m2\repository\org\opentest4j\opentest4j\1.2.0\opentest4j-1.2.0.jar;C:\Users\Yaman\.m2\repository\org\junit\platform\junit-platform-commons\1.9.3\junit-platform-commons-1.9.3.jar;C:\Users\Yaman\.m2\repository\org\apiguardian\apiguardian-api\1.1.2\apiguardian-api-1.1.2.jar;C:\Users\Yaman\.m2\repository\org\junit\jupiter\junit-jupiter-params\5.9.3\junit-jupiter-params-5.9.3.jar;C:\Users\Yaman\.m2\repository\org\junit\jupiter\junit-jupiter-engine\5.9.3\junit-jupiter-engine-5.9.3.jar;C:\Users\Yaman\.m2\repository\org\junit\platform\junit-platform-engine\1.9.3\junit-platform-engine-1.9.3.jar;"/>
    <property name="sun.cpu.endian" value="little"/>
    <property name="user.home" value="C:\Users\Yaman"/>
    <property name="user.language" value="sv"/>
    <property name="java.specification.vendor" value="Oracle Corporation"/>
    <property name="java.version.date" value="2023-09-19"/>
    <property name="java.home" value="C:\Users\Yaman\.jdks\openjdk-21"/>
    <property name="file.separator" value="\"/>
    <property name="basedir" value="C:\Users\Yaman\GitHub\employee-microservice"/>
    <property name="java.vm.compressedOopsMode" value="Zero based"/>
    <property name="line.separator" value="&#10;"/>
    <property name="java.vm.specification.vendor" value="Oracle Corporation"/>
    <property name="java.specification.name" value="Java Platform API Specification"/>
    <property name="FILE_LOG_CHARSET" value="UTF-8"/>
    <property name="java.awt.headless" value="true"/>
    <property name="surefire.real.class.path" value="C:\Users\Yaman\AppData\Local\Temp\surefire9179387206181370321\surefirebooter-20240107143102290_3.jar"/>
    <property name="user.script" value=""/>
    <property name="sun.management.compiler" value="HotSpot 64-Bit Tiered Compilers"/>
    <property name="java.runtime.version" value="21+35-2513"/>
    <property name="user.name" value="Yaman"/>
    <property name="stdout.encoding" value="Cp1252"/>
    <property name="path.separator" value=";"/>
    <property name="os.version" value="10.0"/>
    <property name="java.runtime.name" value="OpenJDK Runtime Environment"/>
    <property name="file.encoding" value="UTF-8"/>
    <property name="java.vm.name" value="OpenJDK 64-Bit Server VM"/>
    <property name="localRepository" value="C:\Users\Yaman\.m2\repository"/>
    <property name="java.vendor.url.bug" value="https://bugreport.java.com/bugreport/"/>
    <property name="java.io.tmpdir" value="C:\Users\Yaman\AppData\Local\Temp\"/>
    <property name="idea.version" value="2023.2"/>
    <property name="com.zaxxer.hikari.pool_number" value="1"/>
    <property name="java.version" value="21"/>
    <property name="user.dir" value="C:\Users\Yaman\GitHub\employee-microservice"/>
    <property name="os.arch" value="amd64"/>
    <property name="java.vm.specification.name" value="Java Virtual Machine Specification"/>
    <property name="PID" value="16932"/>
    <property name="sun.os.patch.level" value=""/>
    <property name="CONSOLE_LOG_CHARSET" value="UTF-8"/>
    <property name="native.encoding" value="Cp1252"/>
    <property name="java.library.path" value="C:\Users\Yaman\.jdks\openjdk-21\bin;C:\Windows\Sun\Java\bin;C:\Windows\system32;C:\Windows;C:\Program Files\Common Files\Oracle\Java\javapath;C:\Python312\Scripts\;C:\Python312\;C:\Program Files (x86)\Common Files\Oracle\Java\javapath;C:\Windows\system32;C:\Windows;C:\Windows\System32\Wbem;C:\Windows\System32\WindowsPowerShell\v1.0\;C:\Windows\System32\OpenSSH\;C:\Program Files\Git\cmd;C:\Program Files\Microsoft SQL Server\150\Tools\Binn\;C:\Program Files\Microsoft SQL Server\Client SDK\ODBC\170\Tools\Binn\;C:\Program Files\dotnet\;C:\Program Files\nodejs\;C:\ProgramData\chocolatey\bin;;C:\Program Files\Docker\Docker\resources\bin;C:\minikube;C:\Program Files\MySQL\MySQL Shell 8.0\bin\;C:\Users\Yaman\AppData\Local\Microsoft\WindowsApps;C:\Program Files\JetBrains\IntelliJ IDEA 2023.2\bin;;C:\Users\Yaman\AppData\Local\Programs\Microsoft VS Code\bin;C:\Users\Yaman\AppData\Local\GitHubDesktop\bin;C:\Users\Yaman\.dotnet\tools;C:\Users\Yaman\AppData\Roaming\npm;."/>
    <property name="java.vm.info" value="mixed mode, sharing"/>
    <property name="stderr.encoding" value="Cp1252"/>
    <property name="java.vendor" value="Oracle Corporation"/>
    <property name="java.vm.version" value="21+35-2513"/>
    <property name="sun.io.unicode.encoding" value="UnicodeLittle"/>
    <property name="java.class.version" value="65.0"/>
  </properties>
  <testcase name="checkIfEmployeeCreated" classname="com.example.employee.repository.UserRepositoryTest" time="0.778">
    <system-out><![CDATA[2024-01-07T14:31:14.694+01:00  INFO 16932 --- [           main] t.c.s.AnnotationConfigContextLoaderUtils : Could not detect default configuration classes for test class [com.example.employee.repository.UserRepositoryTest]: UserRepositoryTest does not declare any static, non-private, non-final, nested classes annotated with @Configuration.
2024-01-07T14:31:14.726+01:00  INFO 16932 --- [           main] .b.t.c.SpringBootTestContextBootstrapper : Found @SpringBootConfiguration com.example.employee.EmployeeApplication for test class com.example.employee.repository.UserRepositoryTest
Hibernate: insert into user (birth_date,first_name,last_name,role,username) values (?,?,?,?,?)
Hibernate: insert into employee (position,id) values (?,?)
Hibernate: select u1_0.id,case when u1_1.id is not null then 1 when u1_2.id is not null then 2 end,u1_0.birth_date,u1_0.first_name,u1_0.last_name,u1_0.role,u1_0.username,u1_1.id,u1_1.position from user u1_0 left join employee u1_1 on u1_0.id=u1_1.id left join patient u1_2 on u1_0.id=u1_2.id where u1_0.username=?
Hibernate: select e1_0.id,e1_1.birth_date,e1_1.first_name,e1_1.last_name,e1_1.role,e1_1.username,e1_0.position from employee e1_0 join user e1_1 on e1_0.id=e1_1.id where e1_0.id=?
Hibernate: delete from employee where id=?
Hibernate: delete from user where id=?
]]></system-out>
  </testcase>
</testsuite>